2020-04-19 23:04:233 INFO       HomePage :29 - Clicking on contact sales button +contactSalesButton.toString()
2020-04-19 23:04:109 INFO       HomePage :34 - Entering first name +firstNameField.toString()
2020-04-19 23:04:521 INFO       HomePage :39 - Entering last name +lastNameField.toString()
2020-04-19 23:04:939 INFO       HomePage :44 - Entering Company name +companyNameField.toString()
2020-04-19 23:04:889 INFO       HomePage :49 - Selecting number of employees +numberOfEmployees.toString()
2020-04-19 23:04:323 INFO       HomePage :54 - Entering phone number +phoneNumberField.toString()
2020-04-19 23:04:613 INFO       HomePage :59 - Entering job title +jobTitleField.toString()
2020-04-19 23:04:159 INFO       HomePage :64 - Entering email +emailField.toString()
2020-04-19 23:04:499 INFO       HomePage :69 - Selecting country name +countryField.toString()
2020-04-19 23:04:779 INFO       HomePage :74 - Entering comment +commentField.toString()
2020-04-19 23:04:982 INFO       HomePage :79 - Clicking on submit button +submitButton.toString()
2020-04-21 23:04:337 INFO       HomePage :54 - Clicking on contact sales button[[ChromeDriver: chrome on WINDOWS (6cc4c77eaf8086706374992ab7ffef4c)] -> xpath: //a[contains(@class,'btn-orange contact-ohrm')]]
2020-04-21 23:04:00 INFO       HomePage :59 - Entering first namePratikshain first name field[[ChromeDriver: chrome on WINDOWS (6cc4c77eaf8086706374992ab7ffef4c)] -> name: firstname]
2020-04-21 23:04:974 INFO       HomePage :64 - Entering last namePatelin last name field[[ChromeDriver: chrome on WINDOWS (6cc4c77eaf8086706374992ab7ffef4c)] -> name: lastname]
2020-04-21 23:04:479 INFO       HomePage :69 - Entering Company namePBS Limitedin company name field[[ChromeDriver: chrome on WINDOWS (6cc4c77eaf8086706374992ab7ffef4c)] -> name: company]
2020-04-21 23:04:127 INFO       HomePage :74 - Selecting number of employees[[ChromeDriver: chrome on WINDOWS (6cc4c77eaf8086706374992ab7ffef4c)] -> name: numemployees]
2020-04-21 23:04:769 INFO       HomePage :79 - Entering phone number07495172051 in phone number field[[ChromeDriver: chrome on WINDOWS (6cc4c77eaf8086706374992ab7ffef4c)] -> name: phone]
2020-04-21 23:04:69 INFO       HomePage :84 - Entering job titleTesterin jobtitle field[[ChromeDriver: chrome on WINDOWS (6cc4c77eaf8086706374992ab7ffef4c)] -> name: jobtitle]
2020-04-21 23:04:655 INFO       HomePage :89 - Entering emailpatty_appu@yahoo.co.ukin email field[[ChromeDriver: chrome on WINDOWS (6cc4c77eaf8086706374992ab7ffef4c)] -> name: email]
2020-04-21 23:04:984 INFO       HomePage :94 - Selecting country name[[ChromeDriver: chrome on WINDOWS (6cc4c77eaf8086706374992ab7ffef4c)] -> name: country]
2020-04-21 23:04:239 INFO       HomePage :99 - Entering comment[[ChromeDriver: chrome on WINDOWS (6cc4c77eaf8086706374992ab7ffef4c)] -> name: message]
2020-04-21 23:04:920 INFO       HomePage :54 - Clicking on contact sales button[[ChromeDriver: chrome on WINDOWS (901fb6bd489f0519c0507c8bff9b6baa)] -> xpath: //a[contains(@class,'btn-orange contact-ohrm')]]
2020-04-21 23:04:612 INFO       HomePage :59 - Entering first namePratikshain first name field[[ChromeDriver: chrome on WINDOWS (901fb6bd489f0519c0507c8bff9b6baa)] -> name: firstname]
2020-04-21 23:04:941 INFO       HomePage :64 - Entering last namePatelin last name field[[ChromeDriver: chrome on WINDOWS (901fb6bd489f0519c0507c8bff9b6baa)] -> name: lastname]
2020-04-21 23:04:614 INFO       HomePage :69 - Entering Company namePBS Limitedin company name field[[ChromeDriver: chrome on WINDOWS (901fb6bd489f0519c0507c8bff9b6baa)] -> name: company]
2020-04-21 23:04:607 INFO       HomePage :74 - Selecting number of employees[[ChromeDriver: chrome on WINDOWS (901fb6bd489f0519c0507c8bff9b6baa)] -> name: numemployees]
2020-04-21 23:04:08 INFO       HomePage :79 - Entering phone number07495172051 in phone number field[[ChromeDriver: chrome on WINDOWS (901fb6bd489f0519c0507c8bff9b6baa)] -> name: phone]
2020-04-21 23:04:341 INFO       HomePage :84 - Entering job titleTesterin jobtitle field[[ChromeDriver: chrome on WINDOWS (901fb6bd489f0519c0507c8bff9b6baa)] -> name: jobtitle]
2020-04-21 23:04:928 INFO       HomePage :89 - Entering emailpatty_appu@yahoo.co.ukin email field[[ChromeDriver: chrome on WINDOWS (901fb6bd489f0519c0507c8bff9b6baa)] -> name: email]
2020-04-21 23:04:306 INFO       HomePage :94 - Selecting country name[[ChromeDriver: chrome on WINDOWS (901fb6bd489f0519c0507c8bff9b6baa)] -> name: country]
2020-04-21 23:04:567 INFO       HomePage :99 - Entering comment[[ChromeDriver: chrome on WINDOWS (901fb6bd489f0519c0507c8bff9b6baa)] -> name: message]
2020-04-21 23:04:376 INFO       HomePage :54 - Clicking on contact sales button[[ChromeDriver: chrome on WINDOWS (5380c06e4cf19a41352746539441353b)] -> xpath: //a[contains(@class,'btn-orange contact-ohrm')]]
2020-04-21 23:04:202 INFO       HomePage :59 - Entering first namePratikshain first name field[[ChromeDriver: chrome on WINDOWS (5380c06e4cf19a41352746539441353b)] -> name: firstname]
2020-04-21 23:04:554 INFO       HomePage :64 - Entering last namePatelin last name field[[ChromeDriver: chrome on WINDOWS (5380c06e4cf19a41352746539441353b)] -> name: lastname]
2020-04-21 23:04:737 INFO       HomePage :69 - Entering Company namePBS Limitedin company name field[[ChromeDriver: chrome on WINDOWS (5380c06e4cf19a41352746539441353b)] -> name: company]
2020-04-21 23:04:830 INFO       HomePage :74 - Selecting number of employees[[ChromeDriver: chrome on WINDOWS (5380c06e4cf19a41352746539441353b)] -> name: numemployees]
2020-04-21 23:04:214 INFO       HomePage :79 - Entering phone number07495172051 in phone number field[[ChromeDriver: chrome on WINDOWS (5380c06e4cf19a41352746539441353b)] -> name: phone]
2020-04-21 23:04:513 INFO       HomePage :84 - Entering job titleTesterin jobtitle field[[ChromeDriver: chrome on WINDOWS (5380c06e4cf19a41352746539441353b)] -> name: jobtitle]
2020-04-21 23:04:72 INFO       HomePage :89 - Entering emailpatty_appu@yahoo.co.ukin email field[[ChromeDriver: chrome on WINDOWS (5380c06e4cf19a41352746539441353b)] -> name: email]
2020-04-21 23:04:427 INFO       HomePage :94 - Selecting country name[[ChromeDriver: chrome on WINDOWS (5380c06e4cf19a41352746539441353b)] -> name: country]
2020-04-21 23:04:836 INFO       HomePage :99 - Entering comment[[ChromeDriver: chrome on WINDOWS (5380c06e4cf19a41352746539441353b)] -> name: message]
2020-04-22 11:04:876 INFO       HomePage :54 - Clicking on contact sales button[[ChromeDriver: chrome on WINDOWS (df6506e87678b3de808baafd86cf7818)] -> xpath: //a[contains(@class,'btn-orange contact-ohrm')]]
2020-04-22 11:04:955 INFO       HomePage :59 - Entering first namePratikshain first name field[[ChromeDriver: chrome on WINDOWS (df6506e87678b3de808baafd86cf7818)] -> name: firstname]
2020-04-22 11:04:352 INFO       HomePage :64 - Entering last namePatelin last name field[[ChromeDriver: chrome on WINDOWS (df6506e87678b3de808baafd86cf7818)] -> name: lastname]
2020-04-22 11:04:426 INFO       HomePage :69 - Entering Company namePBS Limitedin company name field[[ChromeDriver: chrome on WINDOWS (df6506e87678b3de808baafd86cf7818)] -> name: company]
2020-04-22 11:04:403 INFO       HomePage :74 - Selecting number of employees[[ChromeDriver: chrome on WINDOWS (df6506e87678b3de808baafd86cf7818)] -> name: numemployees]
2020-04-22 11:04:944 INFO       HomePage :79 - Entering phone number07495172051 in phone number field[[ChromeDriver: chrome on WINDOWS (df6506e87678b3de808baafd86cf7818)] -> name: phone]
2020-04-22 11:04:387 INFO       HomePage :84 - Entering job titleTesterin jobtitle field[[ChromeDriver: chrome on WINDOWS (df6506e87678b3de808baafd86cf7818)] -> name: jobtitle]
2020-04-22 11:04:157 INFO       HomePage :89 - Entering emailpatty_appu@yahoo.co.ukin email field[[ChromeDriver: chrome on WINDOWS (df6506e87678b3de808baafd86cf7818)] -> name: email]
2020-04-22 11:04:658 INFO       HomePage :94 - Selecting country name[[ChromeDriver: chrome on WINDOWS (df6506e87678b3de808baafd86cf7818)] -> name: country]
2020-04-22 11:04:59 INFO       HomePage :99 - Entering comment[[ChromeDriver: chrome on WINDOWS (df6506e87678b3de808baafd86cf7818)] -> name: message]
2020-04-22 11:04:117 INFO       HomePage :103 - Clicking on submit button[[ChromeDriver: chrome on WINDOWS (df6506e87678b3de808baafd86cf7818)] -> xpath: //input[@class='hs-button primary large']]
2020-04-22 11:04:249 INFO       HomePage :54 - Clicking on contact sales button[[ChromeDriver: chrome on WINDOWS (4a28bf182b553068eaa821991a2225db)] -> xpath: //a[contains(@class,'btn-orange contact-ohrm')]]
2020-04-22 11:04:964 INFO       HomePage :59 - Entering first namePratikshain first name field[[ChromeDriver: chrome on WINDOWS (4a28bf182b553068eaa821991a2225db)] -> name: firstname]
2020-04-22 11:04:406 INFO       HomePage :64 - Entering last namePatelin last name field[[ChromeDriver: chrome on WINDOWS (4a28bf182b553068eaa821991a2225db)] -> name: lastname]
2020-04-22 11:04:162 INFO       HomePage :69 - Entering Company namePBS Limitedin company name field[[ChromeDriver: chrome on WINDOWS (4a28bf182b553068eaa821991a2225db)] -> name: company]
2020-04-22 11:04:432 INFO       HomePage :74 - Selecting number of employees[[ChromeDriver: chrome on WINDOWS (4a28bf182b553068eaa821991a2225db)] -> name: numemployees]
2020-04-22 11:04:36 INFO       HomePage :79 - Entering phone number07495172051 in phone number field[[ChromeDriver: chrome on WINDOWS (4a28bf182b553068eaa821991a2225db)] -> name: phone]
2020-04-22 11:04:397 INFO       HomePage :84 - Entering job titleTesterin jobtitle field[[ChromeDriver: chrome on WINDOWS (4a28bf182b553068eaa821991a2225db)] -> name: jobtitle]
2020-04-22 11:04:160 INFO       HomePage :89 - Entering emailpatty_appu@yahoo.co.ukin email field[[ChromeDriver: chrome on WINDOWS (4a28bf182b553068eaa821991a2225db)] -> name: email]
2020-04-22 11:04:544 INFO       HomePage :94 - Selecting country name[[ChromeDriver: chrome on WINDOWS (4a28bf182b553068eaa821991a2225db)] -> name: country]
2020-04-22 11:04:917 INFO       HomePage :99 - Entering comment[[ChromeDriver: chrome on WINDOWS (4a28bf182b553068eaa821991a2225db)] -> name: message]
2020-04-22 11:04:985 INFO       HomePage :103 - Clicking on submit button[[ChromeDriver: chrome on WINDOWS (4a28bf182b553068eaa821991a2225db)] -> xpath: //input[@class='hs-button primary large']]
2020-04-22 11:04:119 INFO       HomePage :54 - Clicking on contact sales button[[ChromeDriver: chrome on WINDOWS (48a3ffe81a0829d1ab7d7d06e373aedd)] -> xpath: //a[contains(@class,'btn-orange contact-ohrm')]]
2020-04-22 11:04:304 INFO       HomePage :59 - Entering first namePratikshain first name field[[ChromeDriver: chrome on WINDOWS (48a3ffe81a0829d1ab7d7d06e373aedd)] -> name: firstname]
2020-04-22 11:04:765 INFO       HomePage :64 - Entering last namePatelin last name field[[ChromeDriver: chrome on WINDOWS (48a3ffe81a0829d1ab7d7d06e373aedd)] -> name: lastname]
2020-04-22 11:04:452 INFO       HomePage :69 - Entering Company namePBS Limitedin company name field[[ChromeDriver: chrome on WINDOWS (48a3ffe81a0829d1ab7d7d06e373aedd)] -> name: company]
2020-04-22 11:04:635 INFO       HomePage :74 - Selecting number of employees[[ChromeDriver: chrome on WINDOWS (48a3ffe81a0829d1ab7d7d06e373aedd)] -> name: numemployees]
2020-04-22 11:04:98 INFO       HomePage :79 - Entering phone number07495172051 in phone number field[[ChromeDriver: chrome on WINDOWS (48a3ffe81a0829d1ab7d7d06e373aedd)] -> name: phone]
2020-04-22 11:04:500 INFO       HomePage :84 - Entering job titleTesterin jobtitle field[[ChromeDriver: chrome on WINDOWS (48a3ffe81a0829d1ab7d7d06e373aedd)] -> name: jobtitle]
2020-04-22 11:04:236 INFO       HomePage :89 - Entering emailpatty_appu@yahoo.co.ukin email field[[ChromeDriver: chrome on WINDOWS (48a3ffe81a0829d1ab7d7d06e373aedd)] -> name: email]
2020-04-22 11:04:643 INFO       HomePage :94 - Selecting country name[[ChromeDriver: chrome on WINDOWS (48a3ffe81a0829d1ab7d7d06e373aedd)] -> name: country]
2020-04-22 11:04:989 INFO       HomePage :99 - Entering comment[[ChromeDriver: chrome on WINDOWS (48a3ffe81a0829d1ab7d7d06e373aedd)] -> name: message]
2020-04-22 11:04:265 INFO       HomePage :54 - Clicking on contact sales button[[ChromeDriver: chrome on WINDOWS (d0f88bbe252d63e21719f49694be5ddb)] -> xpath: //a[contains(@class,'btn-orange contact-ohrm')]]
2020-04-22 11:04:445 INFO       HomePage :59 - Entering first namePratikshain first name field[[ChromeDriver: chrome on WINDOWS (d0f88bbe252d63e21719f49694be5ddb)] -> name: firstname]
2020-04-22 11:04:808 INFO       HomePage :64 - Entering last namePatelin last name field[[ChromeDriver: chrome on WINDOWS (d0f88bbe252d63e21719f49694be5ddb)] -> name: lastname]
2020-04-22 11:04:367 INFO       HomePage :69 - Entering Company namePBS Limitedin company name field[[ChromeDriver: chrome on WINDOWS (d0f88bbe252d63e21719f49694be5ddb)] -> name: company]
2020-04-22 11:04:259 INFO       HomePage :74 - Selecting number of employees[[ChromeDriver: chrome on WINDOWS (d0f88bbe252d63e21719f49694be5ddb)] -> name: numemployees]
2020-04-22 11:04:698 INFO       HomePage :79 - Entering phone number07495172051 in phone number field[[ChromeDriver: chrome on WINDOWS (d0f88bbe252d63e21719f49694be5ddb)] -> name: phone]
2020-04-22 11:04:58 INFO       HomePage :84 - Entering job titleTesterin jobtitle field[[ChromeDriver: chrome on WINDOWS (d0f88bbe252d63e21719f49694be5ddb)] -> name: jobtitle]
2020-04-22 11:04:824 INFO       HomePage :89 - Entering emailpatty_appu@yahoo.co.ukin email field[[ChromeDriver: chrome on WINDOWS (d0f88bbe252d63e21719f49694be5ddb)] -> name: email]
2020-04-22 11:04:209 INFO       HomePage :94 - Selecting country name[[ChromeDriver: chrome on WINDOWS (d0f88bbe252d63e21719f49694be5ddb)] -> name: country]
2020-04-22 11:04:539 INFO       HomePage :99 - Entering comment[[ChromeDriver: chrome on WINDOWS (d0f88bbe252d63e21719f49694be5ddb)] -> name: message]
2020-04-22 22:04:988 INFO       HomePage :54 - Clicking on contact sales button[[ChromeDriver: chrome on WINDOWS (c7a459f77e4443fb5c95558da7514451)] -> xpath: //a[contains(@class,'btn-orange contact-ohrm')]]
2020-04-22 22:04:712 INFO       HomePage :59 - Entering first namePratikshain first name field[[ChromeDriver: chrome on WINDOWS (c7a459f77e4443fb5c95558da7514451)] -> name: firstname]
2020-04-22 22:04:144 INFO       HomePage :64 - Entering last namePatelin last name field[[ChromeDriver: chrome on WINDOWS (c7a459f77e4443fb5c95558da7514451)] -> name: lastname]
2020-04-22 22:04:644 INFO       HomePage :69 - Entering Company namePBS Limitedin company name field[[ChromeDriver: chrome on WINDOWS (c7a459f77e4443fb5c95558da7514451)] -> name: company]
2020-04-22 22:04:926 INFO       HomePage :74 - Selecting number of employees[[ChromeDriver: chrome on WINDOWS (c7a459f77e4443fb5c95558da7514451)] -> name: numemployees]
2020-04-22 22:04:160 INFO       HomePage :79 - Entering phone number07495172051 in phone number field[[ChromeDriver: chrome on WINDOWS (c7a459f77e4443fb5c95558da7514451)] -> name: phone]
2020-04-22 22:04:475 INFO       HomePage :84 - Entering job titleTesterin jobtitle field[[ChromeDriver: chrome on WINDOWS (c7a459f77e4443fb5c95558da7514451)] -> name: jobtitle]
2020-04-22 22:04:646 INFO       HomePage :89 - Entering emailpatty_appu@yahoo.co.ukin email field[[ChromeDriver: chrome on WINDOWS (c7a459f77e4443fb5c95558da7514451)] -> name: email]
2020-04-22 22:04:894 INFO       HomePage :94 - Selecting country name[[ChromeDriver: chrome on WINDOWS (c7a459f77e4443fb5c95558da7514451)] -> name: country]
2020-04-22 22:04:18 INFO       HomePage :99 - Entering comment[[ChromeDriver: chrome on WINDOWS (c7a459f77e4443fb5c95558da7514451)] -> name: message]
2020-04-22 22:04:542 INFO       HomePage :44 - Clicking on contact sales button[[ChromeDriver: chrome on WINDOWS (8c2ac24c1ad82d44d3fe4f8534cbcaaf)] -> xpath: //a[contains(@class,'btn-orange contact-ohrm')]]
2020-04-22 22:04:193 INFO       HomePage :49 - Entering first namePratikshain first name field[[ChromeDriver: chrome on WINDOWS (8c2ac24c1ad82d44d3fe4f8534cbcaaf)] -> name: firstname]
2020-04-22 22:04:365 INFO       HomePage :54 - Entering last namePatelin last name field[[ChromeDriver: chrome on WINDOWS (8c2ac24c1ad82d44d3fe4f8534cbcaaf)] -> name: lastname]
2020-04-22 22:04:520 INFO       HomePage :59 - Entering Company namePBS Limitedin company name field[[ChromeDriver: chrome on WINDOWS (8c2ac24c1ad82d44d3fe4f8534cbcaaf)] -> name: company]
2020-04-22 22:04:727 INFO       HomePage :64 - Selecting number of employees[[ChromeDriver: chrome on WINDOWS (8c2ac24c1ad82d44d3fe4f8534cbcaaf)] -> name: numemployees]
2020-04-22 22:04:878 INFO       HomePage :69 - Entering phone number07495172051 in phone number field[[ChromeDriver: chrome on WINDOWS (8c2ac24c1ad82d44d3fe4f8534cbcaaf)] -> name: phone]
2020-04-22 22:04:23 INFO       HomePage :74 - Entering job titleTesterin jobtitle field[[ChromeDriver: chrome on WINDOWS (8c2ac24c1ad82d44d3fe4f8534cbcaaf)] -> name: jobtitle]
2020-04-22 22:04:182 INFO       HomePage :79 - Entering emailpatty_appu@yahoo.co.ukin email field[[ChromeDriver: chrome on WINDOWS (8c2ac24c1ad82d44d3fe4f8534cbcaaf)] -> name: email]
2020-04-22 22:04:649 INFO       HomePage :84 - Selecting country name[[ChromeDriver: chrome on WINDOWS (8c2ac24c1ad82d44d3fe4f8534cbcaaf)] -> name: country]
2020-04-22 22:04:811 INFO       HomePage :89 - Entering comment[[ChromeDriver: chrome on WINDOWS (8c2ac24c1ad82d44d3fe4f8534cbcaaf)] -> name: message]
2020-04-22 22:04:853 INFO       HomePage :93 - Clicking on submit button[[ChromeDriver: chrome on WINDOWS (8c2ac24c1ad82d44d3fe4f8534cbcaaf)] -> xpath: //input[@class='hs-button primary large']]
2020-04-22 23:04:298 INFO       HomePage :44 - Clicking on contact sales button[[ChromeDriver: chrome on WINDOWS (2a2b44062b957ea2a57f19bd764435b1)] -> xpath: //a[contains(@class,'btn-orange contact-ohrm')]]
2020-04-22 23:04:161 INFO       HomePage :49 - Entering first namePratikshain first name field[[ChromeDriver: chrome on WINDOWS (2a2b44062b957ea2a57f19bd764435b1)] -> name: firstname]
2020-04-22 23:04:569 INFO       HomePage :54 - Entering last namePatelin last name field[[ChromeDriver: chrome on WINDOWS (2a2b44062b957ea2a57f19bd764435b1)] -> name: lastname]
2020-04-22 23:04:153 INFO       HomePage :59 - Entering Company namePBS Limitedin company name field[[ChromeDriver: chrome on WINDOWS (2a2b44062b957ea2a57f19bd764435b1)] -> name: company]
2020-04-22 23:04:89 INFO       HomePage :64 - Selecting number of employees[[ChromeDriver: chrome on WINDOWS (2a2b44062b957ea2a57f19bd764435b1)] -> name: numemployees]
2020-04-22 23:04:524 INFO       HomePage :69 - Entering phone number07495172051 in phone number field[[ChromeDriver: chrome on WINDOWS (2a2b44062b957ea2a57f19bd764435b1)] -> name: phone]
2020-04-22 23:04:837 INFO       HomePage :74 - Entering job titleTesterin jobtitle field[[ChromeDriver: chrome on WINDOWS (2a2b44062b957ea2a57f19bd764435b1)] -> name: jobtitle]
2020-04-22 23:04:526 INFO       HomePage :79 - Entering emailpatty_appu@yahoo.co.ukin email field[[ChromeDriver: chrome on WINDOWS (2a2b44062b957ea2a57f19bd764435b1)] -> name: email]
2020-04-22 23:04:867 INFO       HomePage :84 - Selecting country name[[ChromeDriver: chrome on WINDOWS (2a2b44062b957ea2a57f19bd764435b1)] -> name: country]
2020-04-22 23:04:135 INFO       HomePage :89 - Entering comment[[ChromeDriver: chrome on WINDOWS (2a2b44062b957ea2a57f19bd764435b1)] -> name: message]
2020-04-22 23:04:44 INFO       HomePage :44 - Clicking on contact sales button[[ChromeDriver: chrome on WINDOWS (7cff1fec415307a45cbad479b79de72f)] -> xpath: //a[contains(@class,'btn-orange contact-ohrm')]]
2020-04-22 23:04:351 INFO       HomePage :49 - Entering first namePratikshain first name field[[ChromeDriver: chrome on WINDOWS (7cff1fec415307a45cbad479b79de72f)] -> name: firstname]
2020-04-22 23:04:819 INFO       HomePage :54 - Entering last namePatelin last name field[[ChromeDriver: chrome on WINDOWS (7cff1fec415307a45cbad479b79de72f)] -> name: lastname]
2020-04-22 23:04:270 INFO       HomePage :59 - Entering Company namePBS Limitedin company name field[[ChromeDriver: chrome on WINDOWS (7cff1fec415307a45cbad479b79de72f)] -> name: company]
2020-04-22 23:04:544 INFO       HomePage :64 - Selecting number of employees[[ChromeDriver: chrome on WINDOWS (7cff1fec415307a45cbad479b79de72f)] -> name: numemployees]
2020-04-22 23:04:207 INFO       HomePage :69 - Entering phone number07495172051 in phone number field[[ChromeDriver: chrome on WINDOWS (7cff1fec415307a45cbad479b79de72f)] -> name: phone]
2020-04-22 23:04:536 INFO       HomePage :74 - Entering job titleTesterin jobtitle field[[ChromeDriver: chrome on WINDOWS (7cff1fec415307a45cbad479b79de72f)] -> name: jobtitle]
2020-04-22 23:04:244 INFO       HomePage :79 - Entering emailpatty_appu@yahoo.co.ukin email field[[ChromeDriver: chrome on WINDOWS (7cff1fec415307a45cbad479b79de72f)] -> name: email]
2020-04-22 23:04:585 INFO       HomePage :84 - Selecting country name[[ChromeDriver: chrome on WINDOWS (7cff1fec415307a45cbad479b79de72f)] -> name: country]
2020-04-22 23:04:862 INFO       HomePage :89 - Entering comment[[ChromeDriver: chrome on WINDOWS (7cff1fec415307a45cbad479b79de72f)] -> name: message]
