2020-04-20 20:04:553 INFO       HomePage :19 - Clicking on bank manager login buttonBy.xpath: //button[contains(text(),'Bank Manager Login')]
2020-04-20 20:04:57 INFO       BankManagerLoginPage :21 - Clicking on add customer btnBy.xpath: //button[contains(text(),'Add Customer')]
2020-04-20 20:04:239 INFO       AddCustomerPage :21 - Enter first nameBy.xpath: //input[@placeholder='First Name']
2020-04-20 20:04:398 INFO       AddCustomerPage :26 - Enter last nameBy.xpath: //input[@placeholder='Last Name']
2020-04-20 20:04:650 INFO       AddCustomerPage :31 - Enter postcodeBy.xpath: //input[@placeholder='Post Code']
2020-04-20 20:04:689 INFO       AddCustomerPage :36 - Clicking on add customer buttonBy.xpath: //button[@class='btn btn-default']
2020-04-20 20:04:183 INFO       HomePage :19 - Clicking on bank manager login buttonBy.xpath: //button[contains(text(),'Bank Manager Login')]
2020-04-20 20:04:225 INFO       BankManagerLoginPage :21 - Clicking on add customer btnBy.xpath: //button[contains(text(),'Add Customer')]
2020-04-20 20:04:775 INFO       AddCustomerPage :21 - Enter first nameBy.xpath: //input[@placeholder='First Name']
2020-04-20 20:04:921 INFO       AddCustomerPage :26 - Enter last nameBy.xpath: //input[@placeholder='Last Name']
2020-04-20 20:04:97 INFO       AddCustomerPage :31 - Enter postcodeBy.xpath: //input[@placeholder='Post Code']
2020-04-20 20:04:451 INFO       AddCustomerPage :36 - Clicking on add customer buttonBy.xpath: //button[@class='btn btn-default']
2020-04-20 20:04:575 INFO       BankManagerLoginPage :27 - Clicking on open account btnBy.xpath: //button[contains(text(),'Open Account')]
2020-04-20 20:04:577 INFO       OpenAccountPage :21 - Clicking on customer dropdown and selecting customerBy.id: userSelect
2020-04-20 20:04:864 INFO       OpenAccountPage :27 - Clicking on currency dropdown and selecting currencyBy.xpath: //select[@id='currency']
2020-04-20 20:04:971 INFO       OpenAccountPage :32 - Clicking on process buttonBy.xpath: //button[contains(text(),'Process')]
2020-04-20 20:04:715 INFO       HomePage :19 - Clicking on bank manager login buttonBy.xpath: //button[contains(text(),'Bank Manager Login')]
2020-04-20 20:04:981 INFO       BankManagerLoginPage :21 - Clicking on add customer btnBy.xpath: //button[contains(text(),'Add Customer')]
2020-04-20 20:04:353 INFO       AddCustomerPage :21 - Enter first nameBy.xpath: //input[@placeholder='First Name']
2020-04-20 20:04:509 INFO       AddCustomerPage :26 - Enter last nameBy.xpath: //input[@placeholder='Last Name']
2020-04-20 20:04:706 INFO       AddCustomerPage :31 - Enter postcodeBy.xpath: //input[@placeholder='Post Code']
2020-04-20 20:04:829 INFO       AddCustomerPage :36 - Clicking on add customer buttonBy.xpath: //button[@class='btn btn-default']
2020-04-20 20:04:968 INFO       BankManagerLoginPage :27 - Clicking on open account btnBy.xpath: //button[contains(text(),'Open Account')]
2020-04-20 20:04:741 INFO       OpenAccountPage :21 - Clicking on customer dropdown and selecting customerBy.id: userSelect
2020-04-20 20:04:993 INFO       OpenAccountPage :27 - Clicking on currency dropdown and selecting currencyBy.xpath: //select[@id='currency']
2020-04-20 20:04:95 INFO       OpenAccountPage :32 - Clicking on process buttonBy.xpath: //button[contains(text(),'Process')]
2020-04-20 20:04:247 INFO       OpenAccountPage :37 - Clicking on home buttonBy.xpath: //button[@class='btn home']
2020-04-20 20:04:367 INFO       HomePage :24 - Clicking on customer login buttonBy.xpath: //button[contains(text(),'Customer Login')]
2020-04-20 20:04:47 INFO       CustomerLoginPage :19 - Clicking on dropdown menu and selecting customer's nameBy.xpath: //select[@id='userSelect']
2020-04-20 20:04:180 INFO       CustomerLoginPage :25 - Clicking on login buttonBy.xpath: //button[@class='btn btn-default']
2020-04-20 20:04:576 INFO       AccountPage :75 - Verifying logout button is presentBy.xpath: //button[@class='btn logout']
2020-04-20 20:04:668 INFO       AccountPage :81 - Clicking on logout buttonBy.xpath: //button[@class='btn logout']
2020-04-20 20:04:749 INFO       CustomerPage :19 - Clicking on home buttonBy.xpath: //button[@class='btn home']
2020-04-20 20:04:851 INFO       HomePage :24 - Clicking on customer login buttonBy.xpath: //button[contains(text(),'Customer Login')]
2020-04-20 20:04:162 INFO       CustomerLoginPage :19 - Clicking on dropdown menu and selecting customer's nameBy.xpath: //select[@id='userSelect']
2020-04-20 20:04:302 INFO       CustomerLoginPage :25 - Clicking on login buttonBy.xpath: //button[@class='btn btn-default']
2020-04-20 20:04:402 INFO       AccountPage :28 - Clicking on deposite buttonBy.xpath: //button[contains(text(),'Deposit')]
2020-04-20 20:04:847 INFO       AccountPage :33 - Entering amountBy.xpath: //input[@placeholder='amount']
2020-04-20 20:04:974 INFO       AccountPage :38 - Clicking on deposite buttonBy.xpath: //button[@class='btn btn-default']
2020-04-20 20:04:975 INFO       AccountPage :42 - Getting deposite successful messageBy.xpath: //span[@class='error ng-binding']
2020-04-20 20:04:549 INFO       HomePage :19 - Clicking on bank manager login buttonBy.xpath: //button[contains(text(),'Bank Manager Login')]
2020-04-20 20:04:25 INFO       BankManagerLoginPage :21 - Clicking on add customer btnBy.xpath: //button[contains(text(),'Add Customer')]
2020-04-20 20:04:561 INFO       AddCustomerPage :21 - Enter first nameBy.xpath: //input[@placeholder='First Name']
2020-04-20 20:04:719 INFO       AddCustomerPage :26 - Enter last nameBy.xpath: //input[@placeholder='Last Name']
2020-04-20 20:04:389 INFO       AddCustomerPage :31 - Enter postcodeBy.xpath: //input[@placeholder='Post Code']
2020-04-20 20:04:255 INFO       AddCustomerPage :36 - Clicking on add customer buttonBy.xpath: //button[@class='btn btn-default']
2020-04-20 20:04:511 INFO       BankManagerLoginPage :27 - Clicking on open account btnBy.xpath: //button[contains(text(),'Open Account')]
2020-04-20 20:04:774 INFO       OpenAccountPage :21 - Clicking on customer dropdown and selecting customerBy.id: userSelect
2020-04-20 20:04:163 INFO       OpenAccountPage :27 - Clicking on currency dropdown and selecting currencyBy.xpath: //select[@id='currency']
2020-04-20 20:04:291 INFO       OpenAccountPage :32 - Clicking on process buttonBy.xpath: //button[contains(text(),'Process')]
2020-04-20 20:04:416 INFO       OpenAccountPage :37 - Clicking on home buttonBy.xpath: //button[@class='btn home']
2020-04-20 20:04:519 INFO       HomePage :24 - Clicking on customer login buttonBy.xpath: //button[contains(text(),'Customer Login')]
2020-04-20 20:04:102 INFO       CustomerLoginPage :19 - Clicking on dropdown menu and selecting customer's nameBy.xpath: //select[@id='userSelect']
2020-04-20 20:04:207 INFO       CustomerLoginPage :25 - Clicking on login buttonBy.xpath: //button[@class='btn btn-default']
2020-04-20 20:04:684 INFO       AccountPage :75 - Verifying logout button is presentBy.xpath: //button[@class='btn logout']
2020-04-20 20:04:789 INFO       AccountPage :81 - Clicking on logout buttonBy.xpath: //button[@class='btn logout']
2020-04-20 20:04:288 INFO       HomePage :19 - Clicking on bank manager login buttonBy.xpath: //button[contains(text(),'Bank Manager Login')]
2020-04-20 20:04:598 INFO       BankManagerLoginPage :21 - Clicking on add customer btnBy.xpath: //button[contains(text(),'Add Customer')]
2020-04-20 20:04:245 INFO       AddCustomerPage :21 - Enter first nameBy.xpath: //input[@placeholder='First Name']
2020-04-20 20:04:421 INFO       AddCustomerPage :26 - Enter last nameBy.xpath: //input[@placeholder='Last Name']
2020-04-20 20:04:349 INFO       AddCustomerPage :31 - Enter postcodeBy.xpath: //input[@placeholder='Post Code']
2020-04-20 20:04:477 INFO       AddCustomerPage :36 - Clicking on add customer buttonBy.xpath: //button[@class='btn btn-default']
2020-04-20 20:04:614 INFO       BankManagerLoginPage :27 - Clicking on open account btnBy.xpath: //button[contains(text(),'Open Account')]
2020-04-20 20:04:299 INFO       OpenAccountPage :21 - Clicking on customer dropdown and selecting customerBy.id: userSelect
2020-04-20 20:04:553 INFO       OpenAccountPage :27 - Clicking on currency dropdown and selecting currencyBy.xpath: //select[@id='currency']
2020-04-20 20:04:662 INFO       OpenAccountPage :32 - Clicking on process buttonBy.xpath: //button[contains(text(),'Process')]
2020-04-20 20:04:847 INFO       OpenAccountPage :37 - Clicking on home buttonBy.xpath: //button[@class='btn home']
2020-04-20 20:04:950 INFO       HomePage :24 - Clicking on customer login buttonBy.xpath: //button[contains(text(),'Customer Login')]
2020-04-20 20:04:581 INFO       CustomerLoginPage :19 - Clicking on dropdown menu and selecting customer's nameBy.xpath: //select[@id='userSelect']
2020-04-20 20:04:735 INFO       CustomerLoginPage :25 - Clicking on login buttonBy.xpath: //button[@class='btn btn-default']
2020-04-20 20:04:130 INFO       AccountPage :75 - Verifying logout button is presentBy.xpath: //button[@class='btn logout']
2020-04-20 20:04:227 INFO       AccountPage :81 - Clicking on logout buttonBy.xpath: //button[@class='btn logout']
2020-04-20 20:04:298 INFO       CustomerPage :19 - Clicking on home buttonBy.xpath: //button[@class='btn home']
2020-04-20 20:04:404 INFO       HomePage :24 - Clicking on customer login buttonBy.xpath: //button[contains(text(),'Customer Login')]
2020-04-20 20:04:719 INFO       CustomerLoginPage :19 - Clicking on dropdown menu and selecting customer's nameBy.xpath: //select[@id='userSelect']
2020-04-20 20:04:889 INFO       CustomerLoginPage :25 - Clicking on login buttonBy.xpath: //button[@class='btn btn-default']
2020-04-20 20:04:986 INFO       AccountPage :28 - Clicking on deposite buttonBy.xpath: //button[contains(text(),'Deposit')]
2020-04-20 20:04:433 INFO       AccountPage :33 - Entering amountBy.xpath: //input[@placeholder='amount']
2020-04-20 20:04:550 INFO       AccountPage :38 - Clicking on deposite buttonBy.xpath: //button[@class='btn btn-default']
2020-04-20 20:04:551 INFO       AccountPage :42 - Getting deposite successful messageBy.xpath: //span[@class='error ng-binding']
2020-04-20 20:04:741 INFO       AccountPage :48 - Clicking on withdrawl buttonBy.xpath: //button[contains(text(),'Withdrawl')]
2020-04-20 20:04:823 INFO       AccountPage :53 - Entering amountBy.xpath: //input[@placeholder='amount']
2020-04-20 20:04:910 INFO       AccountPage :58 - Clickig on withdraw btnBy.xpath: //button[@class='btn btn-default']
2020-04-20 20:04:911 INFO       AccountPage :62 - Get transaction successful messageBy.xpath: //span[@class='error ng-binding']
2020-04-20 20:04:827 INFO       HomePage :19 - Clicking on bank manager login buttonBy.xpath: //button[contains(text(),'Bank Manager Login')]
2020-04-20 20:04:91 INFO       BankManagerLoginPage :21 - Clicking on add customer btnBy.xpath: //button[contains(text(),'Add Customer')]
2020-04-20 20:04:362 INFO       AddCustomerPage :21 - Enter first nameBy.xpath: //input[@placeholder='First Name']
2020-04-20 20:04:518 INFO       AddCustomerPage :26 - Enter last nameBy.xpath: //input[@placeholder='Last Name']
2020-04-20 20:04:712 INFO       AddCustomerPage :31 - Enter postcodeBy.xpath: //input[@placeholder='Post Code']
2020-04-20 20:04:867 INFO       AddCustomerPage :36 - Clicking on add customer buttonBy.xpath: //button[@class='btn btn-default']
2020-04-20 20:04:644 INFO       HomePage :19 - Clicking on bank manager login buttonBy.xpath: //button[contains(text(),'Bank Manager Login')]
2020-04-20 20:04:986 INFO       BankManagerLoginPage :21 - Clicking on add customer btnBy.xpath: //button[contains(text(),'Add Customer')]
2020-04-20 20:04:950 INFO       AddCustomerPage :21 - Enter first nameBy.xpath: //input[@placeholder='First Name']
2020-04-20 20:04:107 INFO       AddCustomerPage :26 - Enter last nameBy.xpath: //input[@placeholder='Last Name']
2020-04-20 20:04:301 INFO       AddCustomerPage :31 - Enter postcodeBy.xpath: //input[@placeholder='Post Code']
2020-04-20 20:04:449 INFO       AddCustomerPage :36 - Clicking on add customer buttonBy.xpath: //button[@class='btn btn-default']
2020-04-20 20:04:624 INFO       BankManagerLoginPage :27 - Clicking on open account btnBy.xpath: //button[contains(text(),'Open Account')]
2020-04-20 20:04:477 INFO       OpenAccountPage :21 - Clicking on customer dropdown and selecting customerBy.id: userSelect
2020-04-20 20:04:732 INFO       OpenAccountPage :27 - Clicking on currency dropdown and selecting currencyBy.xpath: //select[@id='currency']
2020-04-20 20:04:834 INFO       OpenAccountPage :32 - Clicking on process buttonBy.xpath: //button[contains(text(),'Process')]
2020-04-20 20:04:726 INFO       HomePage :19 - Clicking on bank manager login buttonBy.xpath: //button[contains(text(),'Bank Manager Login')]
2020-04-20 20:04:79 INFO       BankManagerLoginPage :21 - Clicking on add customer btnBy.xpath: //button[contains(text(),'Add Customer')]
2020-04-20 20:04:321 INFO       AddCustomerPage :21 - Enter first nameBy.xpath: //input[@placeholder='First Name']
2020-04-20 20:04:468 INFO       AddCustomerPage :26 - Enter last nameBy.xpath: //input[@placeholder='Last Name']
2020-04-20 20:04:653 INFO       AddCustomerPage :31 - Enter postcodeBy.xpath: //input[@placeholder='Post Code']
2020-04-20 20:04:801 INFO       AddCustomerPage :36 - Clicking on add customer buttonBy.xpath: //button[@class='btn btn-default']
2020-04-20 20:04:933 INFO       BankManagerLoginPage :27 - Clicking on open account btnBy.xpath: //button[contains(text(),'Open Account')]
2020-04-20 20:04:620 INFO       OpenAccountPage :21 - Clicking on customer dropdown and selecting customerBy.id: userSelect
2020-04-20 20:04:880 INFO       OpenAccountPage :27 - Clicking on currency dropdown and selecting currencyBy.xpath: //select[@id='currency']
2020-04-20 20:04:996 INFO       OpenAccountPage :32 - Clicking on process buttonBy.xpath: //button[contains(text(),'Process')]
2020-04-20 20:04:160 INFO       OpenAccountPage :37 - Clicking on home buttonBy.xpath: //button[@class='btn home']
2020-04-20 20:04:260 INFO       HomePage :24 - Clicking on customer login buttonBy.xpath: //button[contains(text(),'Customer Login')]
2020-04-20 20:04:909 INFO       CustomerLoginPage :19 - Clicking on dropdown menu and selecting customer's nameBy.xpath: //select[@id='userSelect']
2020-04-20 20:04:45 INFO       CustomerLoginPage :25 - Clicking on login buttonBy.xpath: //button[@class='btn btn-default']
2020-04-20 20:04:470 INFO       AccountPage :75 - Verifying logout button is presentBy.xpath: //button[@class='btn logout']
2020-04-20 20:04:573 INFO       AccountPage :81 - Clicking on logout buttonBy.xpath: //button[@class='btn logout']
2020-04-20 20:04:649 INFO       CustomerPage :19 - Clicking on home buttonBy.xpath: //button[@class='btn home']
2020-04-20 20:04:759 INFO       HomePage :24 - Clicking on customer login buttonBy.xpath: //button[contains(text(),'Customer Login')]
2020-04-20 20:04:43 INFO       CustomerLoginPage :19 - Clicking on dropdown menu and selecting customer's nameBy.xpath: //select[@id='userSelect']
2020-04-20 20:04:182 INFO       CustomerLoginPage :25 - Clicking on login buttonBy.xpath: //button[@class='btn btn-default']
2020-04-20 20:04:272 INFO       AccountPage :28 - Clicking on deposite buttonBy.xpath: //button[contains(text(),'Deposit')]
2020-04-20 20:04:713 INFO       AccountPage :33 - Entering amountBy.xpath: //input[@placeholder='amount']
2020-04-20 20:04:831 INFO       AccountPage :38 - Clicking on deposite buttonBy.xpath: //button[@class='btn btn-default']
2020-04-20 20:04:832 INFO       AccountPage :42 - Getting deposite successful messageBy.xpath: //span[@class='error ng-binding']
2020-04-20 20:04:960 INFO       HomePage :19 - Clicking on bank manager login buttonBy.xpath: //button[contains(text(),'Bank Manager Login')]
2020-04-20 20:04:268 INFO       BankManagerLoginPage :21 - Clicking on add customer btnBy.xpath: //button[contains(text(),'Add Customer')]
2020-04-20 20:04:872 INFO       AddCustomerPage :21 - Enter first nameBy.xpath: //input[@placeholder='First Name']
2020-04-20 20:04:41 INFO       AddCustomerPage :26 - Enter last nameBy.xpath: //input[@placeholder='Last Name']
2020-04-20 20:04:818 INFO       AddCustomerPage :31 - Enter postcodeBy.xpath: //input[@placeholder='Post Code']
2020-04-20 20:04:943 INFO       AddCustomerPage :36 - Clicking on add customer buttonBy.xpath: //button[@class='btn btn-default']
2020-04-20 20:04:82 INFO       BankManagerLoginPage :27 - Clicking on open account btnBy.xpath: //button[contains(text(),'Open Account')]
2020-04-20 20:04:749 INFO       OpenAccountPage :21 - Clicking on customer dropdown and selecting customerBy.id: userSelect
2020-04-20 20:04:989 INFO       OpenAccountPage :27 - Clicking on currency dropdown and selecting currencyBy.xpath: //select[@id='currency']
2020-04-20 20:04:95 INFO       OpenAccountPage :32 - Clicking on process buttonBy.xpath: //button[contains(text(),'Process')]
2020-04-20 20:04:261 INFO       OpenAccountPage :37 - Clicking on home buttonBy.xpath: //button[@class='btn home']
2020-04-20 20:04:357 INFO       HomePage :24 - Clicking on customer login buttonBy.xpath: //button[contains(text(),'Customer Login')]
2020-04-20 20:04:44 INFO       CustomerLoginPage :19 - Clicking on dropdown menu and selecting customer's nameBy.xpath: //select[@id='userSelect']
2020-04-20 20:04:186 INFO       CustomerLoginPage :25 - Clicking on login buttonBy.xpath: //button[@class='btn btn-default']
2020-04-20 20:04:584 INFO       AccountPage :75 - Verifying logout button is presentBy.xpath: //button[@class='btn logout']
2020-04-20 20:04:680 INFO       AccountPage :81 - Clicking on logout buttonBy.xpath: //button[@class='btn logout']
2020-04-20 20:04:351 INFO       HomePage :19 - Clicking on bank manager login buttonBy.xpath: //button[contains(text(),'Bank Manager Login')]
2020-04-20 20:04:122 INFO       BankManagerLoginPage :21 - Clicking on add customer btnBy.xpath: //button[contains(text(),'Add Customer')]
2020-04-20 20:04:557 INFO       AddCustomerPage :21 - Enter first nameBy.xpath: //input[@placeholder='First Name']
2020-04-20 20:04:817 INFO       AddCustomerPage :26 - Enter last nameBy.xpath: //input[@placeholder='Last Name']
2020-04-20 20:04:90 INFO       AddCustomerPage :31 - Enter postcodeBy.xpath: //input[@placeholder='Post Code']
2020-04-20 20:04:263 INFO       AddCustomerPage :36 - Clicking on add customer buttonBy.xpath: //button[@class='btn btn-default']
2020-04-20 20:04:436 INFO       BankManagerLoginPage :27 - Clicking on open account btnBy.xpath: //button[contains(text(),'Open Account')]
2020-04-20 20:04:122 INFO       OpenAccountPage :21 - Clicking on customer dropdown and selecting customerBy.id: userSelect
2020-04-20 20:04:359 INFO       OpenAccountPage :27 - Clicking on currency dropdown and selecting currencyBy.xpath: //select[@id='currency']
2020-04-20 20:04:466 INFO       OpenAccountPage :32 - Clicking on process buttonBy.xpath: //button[contains(text(),'Process')]
2020-04-20 20:04:603 INFO       OpenAccountPage :37 - Clicking on home buttonBy.xpath: //button[@class='btn home']
2020-04-20 20:04:707 INFO       HomePage :24 - Clicking on customer login buttonBy.xpath: //button[contains(text(),'Customer Login')]
2020-04-20 20:04:316 INFO       CustomerLoginPage :19 - Clicking on dropdown menu and selecting customer's nameBy.xpath: //select[@id='userSelect']
2020-04-20 20:04:452 INFO       CustomerLoginPage :25 - Clicking on login buttonBy.xpath: //button[@class='btn btn-default']
2020-04-20 20:04:856 INFO       AccountPage :75 - Verifying logout button is presentBy.xpath: //button[@class='btn logout']
2020-04-20 20:04:954 INFO       AccountPage :81 - Clicking on logout buttonBy.xpath: //button[@class='btn logout']
2020-04-20 20:04:32 INFO       CustomerPage :19 - Clicking on home buttonBy.xpath: //button[@class='btn home']
2020-04-20 20:04:136 INFO       HomePage :24 - Clicking on customer login buttonBy.xpath: //button[contains(text(),'Customer Login')]
2020-04-20 20:04:467 INFO       CustomerLoginPage :19 - Clicking on dropdown menu and selecting customer's nameBy.xpath: //select[@id='userSelect']
2020-04-20 20:04:597 INFO       CustomerLoginPage :25 - Clicking on login buttonBy.xpath: //button[@class='btn btn-default']
2020-04-20 20:04:690 INFO       AccountPage :28 - Clicking on deposite buttonBy.xpath: //button[contains(text(),'Deposit')]
2020-04-20 20:04:145 INFO       AccountPage :33 - Entering amountBy.xpath: //input[@placeholder='amount']
2020-04-20 20:04:263 INFO       AccountPage :38 - Clicking on deposite buttonBy.xpath: //button[@class='btn btn-default']
2020-04-20 20:04:264 INFO       AccountPage :42 - Getting deposite successful messageBy.xpath: //span[@class='error ng-binding']
2020-04-20 20:04:421 INFO       AccountPage :48 - Clicking on withdrawl buttonBy.xpath: //button[contains(text(),'Withdrawl')]
2020-04-20 20:04:500 INFO       AccountPage :53 - Entering amountBy.xpath: //input[@placeholder='amount']
2020-04-20 20:04:572 INFO       AccountPage :58 - Clickig on withdraw btnBy.xpath: //button[@class='btn btn-default']
2020-04-20 20:04:573 INFO       AccountPage :62 - Get transaction successful messageBy.xpath: //span[@class='error ng-binding']
2020-04-21 00:04:644 INFO       HomePage :27 - Clicking on bank manager login button[[ChromeDriver: chrome on WINDOWS (ca244d2080f39f0edcca24e8278e34f0)] -> xpath: //button[contains(text(),'Bank Manager Login')]]
2020-04-21 00:04:64 INFO       BankManagerLoginPage :32 - Clicking on add customer btn[[ChromeDriver: chrome on WINDOWS (ca244d2080f39f0edcca24e8278e34f0)] -> xpath: //button[contains(text(),'Add Customer')]]
2020-04-21 00:04:674 INFO       AddCustomerPage :35 - Enter first namePratikshato first name field[[ChromeDriver: chrome on WINDOWS (ca244d2080f39f0edcca24e8278e34f0)] -> xpath: //input[@placeholder='First Name']]
2020-04-21 00:04:847 INFO       AddCustomerPage :40 - Enter last namePatelto last name field[[ChromeDriver: chrome on WINDOWS (ca244d2080f39f0edcca24e8278e34f0)] -> xpath: //input[@placeholder='Last Name']]
2020-04-21 00:04:58 INFO       AddCustomerPage :45 - Enter postcodeAL10 8PWto postcode field[[ChromeDriver: chrome on WINDOWS (ca244d2080f39f0edcca24e8278e34f0)] -> xpath: //input[@placeholder='Post Code']]
2020-04-21 00:04:648 INFO       HomePage :27 - Clicking on bank manager login button[[ChromeDriver: chrome on WINDOWS (05e698289ee16672b2c0c9c48a2b15f7)] -> xpath: //button[contains(text(),'Bank Manager Login')]]
2020-04-21 00:04:999 INFO       BankManagerLoginPage :32 - Clicking on add customer btn[[ChromeDriver: chrome on WINDOWS (05e698289ee16672b2c0c9c48a2b15f7)] -> xpath: //button[contains(text(),'Add Customer')]]
2020-04-21 00:04:229 INFO       AddCustomerPage :35 - Enter first namePratikshato first name field[[ChromeDriver: chrome on WINDOWS (05e698289ee16672b2c0c9c48a2b15f7)] -> xpath: //input[@placeholder='First Name']]
2020-04-21 00:04:421 INFO       AddCustomerPage :40 - Enter last namePatelto last name field[[ChromeDriver: chrome on WINDOWS (05e698289ee16672b2c0c9c48a2b15f7)] -> xpath: //input[@placeholder='Last Name']]
2020-04-21 00:04:635 INFO       AddCustomerPage :45 - Enter postcodeAL10 8PWto postcode field[[ChromeDriver: chrome on WINDOWS (05e698289ee16672b2c0c9c48a2b15f7)] -> xpath: //input[@placeholder='Post Code']]
2020-04-21 00:04:670 INFO       HomePage :27 - Clicking on bank manager login button[[ChromeDriver: chrome on WINDOWS (d6d01bb66d09fec26847bde4585c6873)] -> xpath: //button[contains(text(),'Bank Manager Login')]]
2020-04-21 00:04:25 INFO       BankManagerLoginPage :32 - Clicking on add customer btn[[ChromeDriver: chrome on WINDOWS (d6d01bb66d09fec26847bde4585c6873)] -> xpath: //button[contains(text(),'Add Customer')]]
2020-04-21 00:04:401 INFO       AddCustomerPage :35 - Enter first namePratikshato first name field[[ChromeDriver: chrome on WINDOWS (d6d01bb66d09fec26847bde4585c6873)] -> xpath: //input[@placeholder='First Name']]
2020-04-21 00:04:571 INFO       AddCustomerPage :40 - Enter last namePatelto last name field[[ChromeDriver: chrome on WINDOWS (d6d01bb66d09fec26847bde4585c6873)] -> xpath: //input[@placeholder='Last Name']]
2020-04-21 00:04:785 INFO       AddCustomerPage :45 - Enter postcodeAL10 8PWto postcode field[[ChromeDriver: chrome on WINDOWS (d6d01bb66d09fec26847bde4585c6873)] -> xpath: //input[@placeholder='Post Code']]
2020-04-21 00:04:533 INFO       HomePage :27 - Clicking on bank manager login button[[ChromeDriver: chrome on WINDOWS (ffbc3a17a79684c9f8761228dd13f3e4)] -> xpath: //button[contains(text(),'Bank Manager Login')]]
2020-04-21 00:04:986 INFO       BankManagerLoginPage :32 - Clicking on add customer btn[[ChromeDriver: chrome on WINDOWS (ffbc3a17a79684c9f8761228dd13f3e4)] -> xpath: //button[contains(text(),'Add Customer')]]
2020-04-21 00:04:601 INFO       AddCustomerPage :35 - Enter first namePratikshato first name field[[ChromeDriver: chrome on WINDOWS (ffbc3a17a79684c9f8761228dd13f3e4)] -> xpath: //input[@placeholder='First Name']]
2020-04-21 00:04:942 INFO       AddCustomerPage :40 - Enter last namePatelto last name field[[ChromeDriver: chrome on WINDOWS (ffbc3a17a79684c9f8761228dd13f3e4)] -> xpath: //input[@placeholder='Last Name']]
2020-04-21 00:04:287 INFO       AddCustomerPage :45 - Enter postcodeAL10 8PWto postcode field[[ChromeDriver: chrome on WINDOWS (ffbc3a17a79684c9f8761228dd13f3e4)] -> xpath: //input[@placeholder='Post Code']]
2020-04-21 00:04:368 INFO       HomePage :27 - Clicking on bank manager login button[[ChromeDriver: chrome on WINDOWS (c297c5dc852410eb103dba84532f928c)] -> xpath: //button[contains(text(),'Bank Manager Login')]]
2020-04-21 00:04:943 INFO       BankManagerLoginPage :32 - Clicking on add customer btn[[ChromeDriver: chrome on WINDOWS (c297c5dc852410eb103dba84532f928c)] -> xpath: //button[contains(text(),'Add Customer')]]
2020-04-21 00:04:732 INFO       AddCustomerPage :35 - Enter first namePratikshato first name field[[ChromeDriver: chrome on WINDOWS (c297c5dc852410eb103dba84532f928c)] -> xpath: //input[@placeholder='First Name']]
2020-04-21 00:04:930 INFO       AddCustomerPage :40 - Enter last namePatelto last name field[[ChromeDriver: chrome on WINDOWS (c297c5dc852410eb103dba84532f928c)] -> xpath: //input[@placeholder='Last Name']]
2020-04-21 00:04:150 INFO       AddCustomerPage :45 - Enter postcodeAL10 8PWto postcode field[[ChromeDriver: chrome on WINDOWS (c297c5dc852410eb103dba84532f928c)] -> xpath: //input[@placeholder='Post Code']]
2020-04-21 01:04:524 INFO       HomePage :27 - Clicking on bank manager login button[[ChromeDriver: chrome on WINDOWS (c9bf6204b7700d8e9884aeafc3fc694d)] -> xpath: //button[contains(text(),'Bank Manager Login')]]
2020-04-21 01:04:978 INFO       BankManagerLoginPage :32 - Clicking on add customer btn[[ChromeDriver: chrome on WINDOWS (c9bf6204b7700d8e9884aeafc3fc694d)] -> xpath: //button[contains(text(),'Add Customer')]]
2020-04-21 01:04:265 INFO       AddCustomerPage :35 - Enter first namePratikshato first name field[[ChromeDriver: chrome on WINDOWS (c9bf6204b7700d8e9884aeafc3fc694d)] -> xpath: //input[@placeholder='First Name']]
2020-04-21 01:04:486 INFO       AddCustomerPage :40 - Enter last namePatelto last name field[[ChromeDriver: chrome on WINDOWS (c9bf6204b7700d8e9884aeafc3fc694d)] -> xpath: //input[@placeholder='Last Name']]
2020-04-21 01:04:700 INFO       AddCustomerPage :45 - Enter postcodeAL10 8PWto postcode field[[ChromeDriver: chrome on WINDOWS (c9bf6204b7700d8e9884aeafc3fc694d)] -> xpath: //input[@placeholder='Post Code']]
2020-04-21 01:04:86 INFO       HomePage :27 - Clicking on bank manager login button[[ChromeDriver: chrome on WINDOWS (0e63cfa26b70f521408d542e72b8c0de)] -> xpath: //button[contains(text(),'Bank Manager Login')]]
2020-04-21 01:04:590 INFO       BankManagerLoginPage :32 - Clicking on add customer btn[[ChromeDriver: chrome on WINDOWS (0e63cfa26b70f521408d542e72b8c0de)] -> xpath: //button[contains(text(),'Add Customer')]]
2020-04-21 01:04:981 INFO       AddCustomerPage :35 - Enter first namePratikshato first name field[[ChromeDriver: chrome on WINDOWS (0e63cfa26b70f521408d542e72b8c0de)] -> xpath: //input[@placeholder='First Name']]
2020-04-21 01:04:170 INFO       AddCustomerPage :40 - Enter last namePatelto last name field[[ChromeDriver: chrome on WINDOWS (0e63cfa26b70f521408d542e72b8c0de)] -> xpath: //input[@placeholder='Last Name']]
2020-04-21 01:04:387 INFO       AddCustomerPage :45 - Enter postcodeAL10 8PWto postcode field[[ChromeDriver: chrome on WINDOWS (0e63cfa26b70f521408d542e72b8c0de)] -> xpath: //input[@placeholder='Post Code']]
2020-04-21 01:04:745 INFO       HomePage :27 - Clicking on bank manager login button[[ChromeDriver: chrome on WINDOWS (87e5e167cac3060692cb37c649a1207a)] -> xpath: //button[contains(text(),'Bank Manager Login')]]
2020-04-21 01:04:233 INFO       BankManagerLoginPage :32 - Clicking on add customer btn[[ChromeDriver: chrome on WINDOWS (87e5e167cac3060692cb37c649a1207a)] -> xpath: //button[contains(text(),'Add Customer')]]
2020-04-21 01:04:687 INFO       AddCustomerPage :35 - Enter first namePratikshato first name field[[ChromeDriver: chrome on WINDOWS (87e5e167cac3060692cb37c649a1207a)] -> xpath: //input[@placeholder='First Name']]
2020-04-21 01:04:508 INFO       AddCustomerPage :40 - Enter last namePatelto last name field[[ChromeDriver: chrome on WINDOWS (87e5e167cac3060692cb37c649a1207a)] -> xpath: //input[@placeholder='Last Name']]
2020-04-21 01:04:733 INFO       AddCustomerPage :45 - Enter postcodeAL10 8PWto postcode field[[ChromeDriver: chrome on WINDOWS (87e5e167cac3060692cb37c649a1207a)] -> xpath: //input[@placeholder='Post Code']]
2020-04-21 08:04:664 INFO       HomePage :27 - Clicking on bank manager login button[[ChromeDriver: chrome on WINDOWS (f3722814493abfbf56f81ea54bbc5c5e)] -> xpath: //button[contains(text(),'Bank Manager Login')]]
2020-04-21 08:04:606 INFO       BankManagerLoginPage :32 - Clicking on add customer btn[[ChromeDriver: chrome on WINDOWS (f3722814493abfbf56f81ea54bbc5c5e)] -> xpath: //button[contains(text(),'Add Customer')]]
2020-04-21 08:04:315 INFO       AddCustomerPage :35 - Enter first namePratikshato first name field[[ChromeDriver: chrome on WINDOWS (f3722814493abfbf56f81ea54bbc5c5e)] -> xpath: //input[@placeholder='First Name']]
2020-04-21 08:04:558 INFO       AddCustomerPage :40 - Enter last namePatelto last name field[[ChromeDriver: chrome on WINDOWS (f3722814493abfbf56f81ea54bbc5c5e)] -> xpath: //input[@placeholder='Last Name']]
2020-04-21 08:04:760 INFO       AddCustomerPage :45 - Enter postcodeAL10 8PWto postcode field[[ChromeDriver: chrome on WINDOWS (f3722814493abfbf56f81ea54bbc5c5e)] -> xpath: //input[@placeholder='Post Code']]
2020-04-21 08:04:866 INFO       HomePage :27 - Clicking on bank manager login button[[ChromeDriver: chrome on WINDOWS (93a91d0ec3097c7091c15830bccd959a)] -> xpath: //button[contains(text(),'Bank Manager Login')]]
2020-04-21 08:04:471 INFO       BankManagerLoginPage :32 - Clicking on add customer btn[[ChromeDriver: chrome on WINDOWS (93a91d0ec3097c7091c15830bccd959a)] -> xpath: //button[contains(text(),'Add Customer')]]
2020-04-21 08:04:882 INFO       AddCustomerPage :35 - Enter first namePratikshato first name field[[ChromeDriver: chrome on WINDOWS (93a91d0ec3097c7091c15830bccd959a)] -> xpath: //input[@placeholder='First Name']]
2020-04-21 08:04:81 INFO       AddCustomerPage :40 - Enter last namePatelto last name field[[ChromeDriver: chrome on WINDOWS (93a91d0ec3097c7091c15830bccd959a)] -> xpath: //input[@placeholder='Last Name']]
2020-04-21 08:04:296 INFO       AddCustomerPage :45 - Enter postcodeAL10 8PWto postcode field[[ChromeDriver: chrome on WINDOWS (93a91d0ec3097c7091c15830bccd959a)] -> xpath: //input[@placeholder='Post Code']]
2020-04-21 08:04:130 INFO       HomePage :27 - Clicking on bank manager login button[[ChromeDriver: chrome on WINDOWS (3cd4e7fdc0dcc095241f83ff132c5437)] -> xpath: //button[contains(text(),'Bank Manager Login')]]
2020-04-21 08:04:428 INFO       BankManagerLoginPage :32 - Clicking on add customer btn[[ChromeDriver: chrome on WINDOWS (3cd4e7fdc0dcc095241f83ff132c5437)] -> xpath: //button[contains(text(),'Add Customer')]]
2020-04-21 08:04:839 INFO       AddCustomerPage :35 - Enter first namePratikshato first name field[[ChromeDriver: chrome on WINDOWS (3cd4e7fdc0dcc095241f83ff132c5437)] -> xpath: //input[@placeholder='First Name']]
2020-04-21 08:04:23 INFO       AddCustomerPage :40 - Enter last namePatelto last name field[[ChromeDriver: chrome on WINDOWS (3cd4e7fdc0dcc095241f83ff132c5437)] -> xpath: //input[@placeholder='Last Name']]
2020-04-21 08:04:290 INFO       AddCustomerPage :45 - Enter postcodeAL10 8PWto postcode field[[ChromeDriver: chrome on WINDOWS (3cd4e7fdc0dcc095241f83ff132c5437)] -> xpath: //input[@placeholder='Post Code']]
2020-04-21 08:04:823 INFO       HomePage :27 - Clicking on bank manager login button[[ChromeDriver: chrome on WINDOWS (eafd16137123c960ddd080beddfea1c8)] -> xpath: //button[contains(text(),'Bank Manager Login')]]
2020-04-21 08:04:316 INFO       BankManagerLoginPage :32 - Clicking on add customer btn[[ChromeDriver: chrome on WINDOWS (eafd16137123c960ddd080beddfea1c8)] -> xpath: //button[contains(text(),'Add Customer')]]
2020-04-21 08:04:180 INFO       AddCustomerPage :35 - Enter first namePratikshato first name field[[ChromeDriver: chrome on WINDOWS (eafd16137123c960ddd080beddfea1c8)] -> xpath: //input[@placeholder='First Name']]
2020-04-21 08:04:372 INFO       AddCustomerPage :40 - Enter last namePatelto last name field[[ChromeDriver: chrome on WINDOWS (eafd16137123c960ddd080beddfea1c8)] -> xpath: //input[@placeholder='Last Name']]
2020-04-21 08:04:585 INFO       AddCustomerPage :45 - Enter postcodeAL10 8PWto postcode field[[ChromeDriver: chrome on WINDOWS (eafd16137123c960ddd080beddfea1c8)] -> xpath: //input[@placeholder='Post Code']]
